<?xml version="1.0" encoding="UTF-8"?>
<testsuite name="JRasterizer.LibraryTest" tests="1" skipped="0" failures="0" errors="0" timestamp="2019-03-26T08:42:41" hostname="OSIRIS" time="0.69">
  <properties/>
  <testcase name="testSomeLibraryMethod" classname="JRasterizer.LibraryTest" time="0.69"/>
  <system-out><![CDATA[]]></system-out>
  <system-err><![CDATA[]]></system-err>
</testsuite>
